<?xml version="1.0" encoding="UTF-8"?>
<!-- Generated by org.testng.reporters.JUnitReportReporter -->
<testsuite hostname="DESKTOP-OL7ELR1" failures="0" tests="3" name="com.dataProviderDemo.testCases.Login" time="39.837" errors="0" timestamp="2022-11-13T20:53:01 IST" skipped="0">
  <testcase classname="com.dataProviderDemo.testCases.Login" name="TC001_LoginApp" time="13.224"/>
  <system-out/>
  <testcase classname="com.dataProviderDemo.testCases.Login" name="TC001_LoginApp" time="11.180"/>
  <system-out/>
  <testcase classname="com.dataProviderDemo.testCases.Login" name="TC001_LoginApp" time="15.433"/>
  <system-out/>
</testsuite> <!-- com.dataProviderDemo.testCases.Login -->
