<?xml version="1.0" encoding="UTF-8"?>
<!-- Generated by org.testng.reporters.JUnitReportReporter -->
<testsuite hostname="DESKTOP-OL7ELR1" failures="0" tests="1" name="com.dataProviderDemo.testCases.ForgetPasswordTest" time="13.544" errors="0" timestamp="2022-11-13T21:20:04 IST" skipped="0">
  <testcase classname="com.dataProviderDemo.testCases.ForgetPasswordTest" name="forgetPasswordTest" time="13.544"/>
  <system-out/>
</testsuite> <!-- com.dataProviderDemo.testCases.ForgetPasswordTest -->
